<?xml version="1.0" encoding="UTF-8"?>
<!-- Generated by org.testng.reporters.JUnitReportReporter -->
<testsuite hostname="SB-IN-SANKETH01" name="com.shoppingcart.shoppingcart.AppTest" tests="2" failures="0" timestamp="6 Jun 2018 12:34:05 GMT" time="3.956" errors="0">
  <testcase name="Login" time="2.711" classname="com.shoppingcart.shoppingcart.AppTest"/>
  <testcase name="Shopping" time="1.245" classname="com.shoppingcart.shoppingcart.AppTest"/>
</testsuite> <!-- com.shoppingcart.shoppingcart.AppTest -->
