<?xml version="1.0" encoding="UTF-8"?>
<!-- Generated by org.testng.reporters.JUnitReportReporter -->
<testsuite hostname="SB-IE-9T7CPN2" name="com.shoppingcart.shoppingcart.AppTest" tests="1" failures="0" timestamp="20 Nov 2019 08:38:43 GMT" time="9.262" errors="0">
  <testcase name="Shopping" time="9.262" classname="com.shoppingcart.shoppingcart.AppTest"/>
</testsuite> <!-- com.shoppingcart.shoppingcart.AppTest -->
