<?xml version="1.0" encoding="UTF-8"?>
<!-- Generated by org.testng.reporters.JUnitReportReporter -->
<testsuite hostname="SB-IE-9T7CPN2" name="com.shoppingcart.shoppingcart.AppTest" tests="1" failures="0" timestamp="20 Nov 2019 11:19:40 GMT" time="10.544" errors="0">
  <testcase name="Shopping" time="10.544" classname="com.shoppingcart.shoppingcart.AppTest"/>
</testsuite> <!-- com.shoppingcart.shoppingcart.AppTest -->
