<?xml version="1.0" encoding="UTF-8"?>
<!-- Generated by org.testng.reporters.JUnitReportReporter -->
<testsuite hostname="SB-IE-9T7CPN2" name="com.shoppingcart.shoppingcart.AppTest" tests="2" failures="0" timestamp="10 Sep 2019 14:46:52 GMT" time="21.800" errors="0">
  <testcase name="Login" time="3.759" classname="com.shoppingcart.shoppingcart.AppTest"/>
  <testcase name="Shopping" time="18.041" classname="com.shoppingcart.shoppingcart.AppTest"/>
</testsuite> <!-- com.shoppingcart.shoppingcart.AppTest -->
