<?xml version="1.0" encoding="UTF-8"?>
<!-- Generated by org.testng.reporters.JUnitReportReporter -->
<testsuite hostname="SB-IE-9T7CPN2" name="com.shoppingcart.shoppingcart.AppTest" tests="1" failures="0" timestamp="20 Nov 2019 00:06:52 GMT" time="11.953" errors="0">
  <testcase name="Shopping" time="11.953" classname="com.shoppingcart.shoppingcart.AppTest"/>
</testsuite> <!-- com.shoppingcart.shoppingcart.AppTest -->
